Using pre-set license
Built from '2020.3/staging' branch; Version is '2020.3.3f1 (76626098c1c4) revision 7758432'; Using compiler version '192528614'; Build Type 'Release'
OS: 'Windows 10 Pro; OS build 19043.1110; Version 2009; 64bit' Language: 'ja' Physical Memory: 16282 MB
BatchMode: 1, IsHumanControllingUs: 0, StartBugReporterOnCrash: 0, Is64bit: 1, IsPro: 0

 COMMAND LINE ARGUMENTS:
C:\Program Files\Unity\Hub\Editor\2020.3.3f1\Editor\Unity.exe
-adb2
-batchMode
-noUpm
-name
AssetImportWorker0
-projectPath
C:/Practice/Othello/Othello/Othello2D
-logFile
Logs/AssetImportWorker0.log
-srvPort
59381
Successfully changed project path to: C:/Practice/Othello/Othello/Othello2D
C:/Practice/Othello/Othello/Othello2D
Using Asset Import Pipeline V2.
Refreshing native plugins compatible for Editor in 19.52 ms, found 0 plugins.
Preloading 0 native plugins for Editor in 0.00 ms.
Initialize engine version: 2020.3.3f1 (76626098c1c4)
[Subsystems] Discovering subsystems at path C:/Program Files/Unity/Hub/Editor/2020.3.3f1/Editor/Data/Resources/UnitySubsystems
[Subsystems] Discovering subsystems at path C:/Practice/Othello/Othello/Othello2D/Assets
GfxDevice: creating device client; threaded=0
Direct3D:
    Version:  Direct3D 11.0 [level 11.1]
    Renderer: NVIDIA GeForce GTX 1660 SUPER (ID=0x21c4)
    Vendor:   
    VRAM:     5991 MB
    Driver:   27.21.14.6089
Initialize mono
Mono path[0] = 'C:/Program Files/Unity/Hub/Editor/2020.3.3f1/Editor/Data/Managed'
Mono path[1] = 'C:/Program Files/Unity/Hub/Editor/2020.3.3f1/Editor/Data/MonoBleedingEdge/lib/mono/unityjit'
Mono config path = 'C:/Program Files/Unity/Hub/Editor/2020.3.3f1/Editor/Data/MonoBleedingEdge/etc'
Using monoOptions --debugger-agent=transport=dt_socket,embedding=1,server=y,suspend=n,address=127.0.0.1:56500
Begin MonoManager ReloadAssembly
Registering precompiled unity dll's ...
Register platform support module: C:/Program Files/Unity/Hub/Editor/2020.3.3f1/Editor/Data/PlaybackEngines/WindowsStandaloneSupport/UnityEditor.WindowsStandalone.Extensions.dll
Registered in 0.001727 seconds.
Native extension for WindowsStandalone target not found
Refreshing native plugins compatible for Editor in 20.07 ms, found 0 plugins.
Preloading 0 native plugins for Editor in 0.00 ms.
Invoked RoslynAnalysisRunner static constructor.
RoslynAnalysisRunner will not be running.
RoslynAnalysisRunner has terminated.
Mono: successfully reloaded assembly
- Completed reload, in  1.482 seconds
Platform modules already initialized, skipping
Registering precompiled user dll's ...
Registered in 0.000938 seconds.
Begin MonoManager ReloadAssembly
Native extension for WindowsStandalone target not found
Refreshing native plugins compatible for Editor in 0.18 ms, found 0 plugins.
Preloading 0 native plugins for Editor in 0.00 ms.
Invoked RoslynAnalysisRunner static constructor.
RoslynAnalysisRunner will not be running.
RoslynAnalysisRunner has terminated.
Mono: successfully reloaded assembly
- Completed reload, in  0.673 seconds
Platform modules already initialized, skipping
========================================================================
Worker process is ready to serve import requests
Launched and connected shader compiler UnityShaderCompiler.exe after 0.04 seconds
Refreshing native plugins compatible for Editor in 0.18 ms, found 0 plugins.
Preloading 0 native plugins for Editor in 0.00 ms.
Unloading 1189 Unused Serialized files (Serialized files now loaded: 0)
System memory in use before: 71.1 MB.
System memory in use after: 71.2 MB.

Unloading 13 unused Assets to reduce memory usage. Loaded Objects now: 1649.
Total: 1.314100 ms (FindLiveObjects: 0.147800 ms CreateObjectMapping: 0.047000 ms MarkObjects: 1.075900 ms  DeleteObjects: 0.042400 ms)

========================================================================
Received Import Request.
  path: Assets/Scenes/SampleScene.unity
  artifactKey: Guid(2cda990e2423bbf4892e6590ba056729) Importer(815301076,1909f56bfc062723c751e8b465ee728b)
Start importing Assets/Scenes/SampleScene.unity using Guid(2cda990e2423bbf4892e6590ba056729) Importer(815301076,1909f56bfc062723c751e8b465ee728b)  -> (artifact id: '5331435f6c393d0fa0be8508d3b6a8cc') in 0.009756 seconds
  Import took 0.011343 seconds .

========================================================================
Received Import Request.
  Time since last request: 6.497540 seconds.
  path: Assets/Scenes/Othello.unity
  artifactKey: Guid(2cda990e2423bbf4892e6590ba056729) Importer(815301076,1909f56bfc062723c751e8b465ee728b)
Start importing Assets/Scenes/Othello.unity using Guid(2cda990e2423bbf4892e6590ba056729) Importer(815301076,1909f56bfc062723c751e8b465ee728b)  -> (artifact id: 'b7dc00ec8cd15b7e8eb41173478cb862') in 0.003342 seconds
  Import took 0.004960 seconds .

========================================================================
Received Import Request.
  Time since last request: 4.861690 seconds.
  path: Assets/Scenes
  artifactKey: Guid(4c408cf76d6d6be429d9003b52b3ad22) Importer(815301076,1909f56bfc062723c751e8b465ee728b)
Start importing Assets/Scenes using Guid(4c408cf76d6d6be429d9003b52b3ad22) Importer(815301076,1909f56bfc062723c751e8b465ee728b)  -> (artifact id: 'abf0c2a913944b3859768e3197ef0f84') in 0.002760 seconds
  Import took 0.004306 seconds .

========================================================================
Received Import Request.
  Time since last request: 0.000754 seconds.
  path: Assets/Scenes
  artifactKey: Guid(4c408cf76d6d6be429d9003b52b3ad22) Importer(815301076,1909f56bfc062723c751e8b465ee728b)
Start importing Assets/Scenes using Guid(4c408cf76d6d6be429d9003b52b3ad22) Importer(815301076,1909f56bfc062723c751e8b465ee728b)  -> (artifact id: 'abf0c2a913944b3859768e3197ef0f84') in 0.002352 seconds
  Import took 0.003773 seconds .

========================================================================
Received Import Request.
  Time since last request: 13.462197 seconds.
  path: Assets/Scenes/Title.unity
  artifactKey: Guid(d511c1f5fea4a8f40a8f2279ce285f57) Importer(815301076,1909f56bfc062723c751e8b465ee728b)
Start importing Assets/Scenes/Title.unity using Guid(d511c1f5fea4a8f40a8f2279ce285f57) Importer(815301076,1909f56bfc062723c751e8b465ee728b)  -> (artifact id: 'bf681e64d95481529e93a30fbf9a3261') in 0.003050 seconds
  Import took 0.004542 seconds .

========================================================================
Received Import Request.
  Time since last request: 2457.604635 seconds.
  path: Assets/Scenes/OthelloSettings.lighting
  artifactKey: Guid(4166e6549bfda0747b41a947728a70e1) Importer(815301076,1909f56bfc062723c751e8b465ee728b)
Start importing Assets/Scenes/OthelloSettings.lighting using Guid(4166e6549bfda0747b41a947728a70e1) Importer(815301076,1909f56bfc062723c751e8b465ee728b) LightingSettings: switching bake backend from 1 to 0.
 -> (artifact id: 'bdc09379f4785a81ee2b361a240d8e8e') in 0.023791 seconds
  Import took 0.025810 seconds .

AssetImportWorkerClient::OnTransportError - code=2 error=End of file
